2025-05-04 22:45:22,773 - INFO - Программа запущена.
2025-05-04 22:45:22,773 - INFO - Конфигурация загружена из config.json
2025-05-04 22:45:22,773 - INFO - Выходная директория: data/out
2025-05-04 22:45:22,773 - INFO - Начат парсинг XML-файла: data/input/impulse_test_input.xml
2025-05-04 22:45:22,773 - INFO - Парсинг XML-файла data/input/impulse_test_input.xml завершен успешно.
2025-05-04 22:45:22,773 - INFO - XML-файл data/input/impulse_test_input.xml успешно распарсен.
2025-05-04 22:45:22,774 - INFO - Начата генерация config.xml.
2025-05-04 22:45:22,775 - INFO - Генерация config.xml завершена успешно.
2025-05-04 22:45:22,775 - INFO - Файл config.xml сохранен в data/out/config.xml
2025-05-04 22:45:22,775 - INFO - Начата генерация мета-данных.
2025-05-04 22:45:22,775 - INFO - Генерация мета-данных завершена успешно.
2025-05-04 22:45:22,775 - INFO - Мета-данные успешно сохранены в файл data/out/meta.json.
2025-05-04 22:45:22,775 - INFO - Файл meta.json сохранен в data/out/meta.json
2025-05-04 22:45:22,775 - INFO - JSON-файл data/input/config.json успешно распарсен.
2025-05-04 22:45:22,775 - INFO - JSON-файл data/input/config.json успешно распарсен.
2025-05-04 22:45:22,775 - INFO - JSON-файл data/input/patched_config.json успешно распарсен.
2025-05-04 22:45:22,775 - INFO - JSON-файл data/input/patched_config.json успешно распарсен.
2025-05-04 22:45:22,775 - INFO - Начата генерация дельта-изменений.
2025-05-04 22:45:22,776 - INFO - Генерация дельта-изменений завершена успешно.
2025-05-04 22:45:22,776 - INFO - Дельта-изменения успешно сохранены в файл data/out/delta.json.
2025-05-04 22:45:22,776 - INFO - Файл delta.json сохранен в data/out/delta.json
2025-05-04 22:45:22,776 - INFO - Начата генерация патченного конфига.
2025-05-04 22:45:22,776 - INFO - Генерация патченного конфига завершена успешно.
2025-05-04 22:45:22,776 - INFO - Патченный конфиг успешно сохранен в файл data/out/res_patched_config.json.
2025-05-04 22:45:22,776 - INFO - Файл res_patched_config.json сохранен в data/out/res_patched_config.json
2025-05-04 22:45:22,776 - INFO - Программа успешно завершена.
2025-05-04 23:21:53,070 - INFO - Начат парсинг XML-файла: test_input.xml
2025-05-04 23:21:53,070 - INFO - Парсинг XML-файла test_input.xml завершен успешно.
2025-05-04 23:22:05,894 - INFO - JSON-файл test_config.json успешно распарсен.
2025-05-04 23:22:05,895 - INFO - Начат парсинг XML-файла: test_input.xml
2025-05-04 23:22:05,895 - INFO - Парсинг XML-файла test_input.xml завершен успешно.
2025-05-04 23:22:16,016 - INFO - Начата генерация config.xml.
2025-05-04 23:22:16,017 - INFO - Генерация config.xml завершена успешно.
2025-05-04 23:22:16,018 - INFO - JSON-файл test_config.json успешно распарсен.
2025-05-04 23:22:16,018 - INFO - Начат парсинг XML-файла: test_input.xml
2025-05-04 23:22:16,018 - INFO - Парсинг XML-файла test_input.xml завершен успешно.
2025-05-04 23:22:25,764 - INFO - Начата генерация config.xml.
2025-05-04 23:22:25,766 - INFO - Генерация config.xml завершена успешно.
2025-05-04 23:22:25,766 - INFO - Начата генерация дельта-изменений.
2025-05-04 23:22:25,766 - INFO - Генерация дельта-изменений завершена успешно.
2025-05-04 23:22:25,766 - INFO - JSON-файл test_config.json успешно распарсен.
2025-05-04 23:22:25,767 - INFO - Начат парсинг XML-файла: test_input.xml
2025-05-04 23:22:25,767 - INFO - Парсинг XML-файла test_input.xml завершен успешно.
2025-05-04 23:22:34,317 - INFO - Начата генерация config.xml.
2025-05-04 23:22:34,318 - INFO - Генерация config.xml завершена успешно.
2025-05-04 23:22:34,318 - INFO - Начата генерация дельта-изменений.
2025-05-04 23:22:34,319 - INFO - Генерация дельта-изменений завершена успешно.
2025-05-04 23:22:34,319 - INFO - JSON-файл test_config.json успешно распарсен.
2025-05-04 23:22:34,319 - INFO - Начата генерация патченного конфига.
2025-05-04 23:22:34,319 - INFO - Генерация патченного конфига завершена успешно.
2025-05-04 23:22:34,319 - INFO - Начат парсинг XML-файла: test_input.xml
2025-05-04 23:22:34,319 - INFO - Парсинг XML-файла test_input.xml завершен успешно.
2025-05-04 23:24:30,149 - INFO - Начата генерация config.xml.
2025-05-04 23:24:30,151 - INFO - Генерация config.xml завершена успешно.
2025-05-04 23:24:30,151 - INFO - Начата генерация дельта-изменений.
2025-05-04 23:24:30,152 - INFO - Генерация дельта-изменений завершена успешно.
2025-05-04 23:24:30,152 - INFO - JSON-файл test_config.json успешно распарсен.
2025-05-04 23:24:30,153 - INFO - Начата генерация патченного конфига.
2025-05-04 23:24:30,153 - INFO - Генерация патченного конфига завершена успешно.
2025-05-04 23:24:30,153 - INFO - Начат парсинг XML-файла: test_input.xml
2025-05-04 23:24:30,153 - INFO - Парсинг XML-файла test_input.xml завершен успешно.
2025-05-04 23:30:28,566 - INFO - Начата генерация config.xml.
2025-05-04 23:30:28,569 - INFO - Генерация config.xml завершена успешно.
2025-05-04 23:30:28,569 - INFO - Начата генерация дельта-изменений.
2025-05-04 23:30:28,570 - INFO - Генерация дельта-изменений завершена успешно.
2025-05-04 23:30:28,570 - INFO - JSON-файл test_config.json успешно распарсен.
2025-05-04 23:30:28,571 - INFO - Начата генерация патченного конфига.
2025-05-04 23:30:28,571 - INFO - Генерация патченного конфига завершена успешно.
2025-05-04 23:30:28,571 - INFO - Начат парсинг XML-файла: test_input.xml
2025-05-04 23:30:28,571 - INFO - Парсинг XML-файла test_input.xml завершен успешно.
